<?xml version="1.0" encoding="UTF-8"?>
<!-- Generated by org.testng.reporters.JUnitReportReporter -->
<testsuite hostname="Lauras-MacBook-Pro.local" failures="0" tests="2" name="qaautomation.may2022.APITesting" time="8.469" errors="0" timestamp="29 May 2022 09:11:14 GMT" skipped="0">
  <testcase classname="qaautomation.may2022.APITesting" name="getAllProducts" time="0.899"/>
  <testcase classname="qaautomation.may2022.APITesting" name="getAllCategories" time="7.570"/>
</testsuite> <!-- qaautomation.may2022.APITesting -->
