<?xml version="1.0" encoding="UTF-8"?>
<!-- Generated by org.testng.reporters.JUnitReportReporter -->
<testsuite hostname="Lauras-MacBook-Pro.local" failures="0" tests="1" name="qaautomation.may2022.SignIn" time="12.232" errors="0" timestamp="29 May 2022 15:42:21 GMT" skipped="0">
  <testcase classname="qaautomation.may2022.SignIn" name="showDetailsPopUp" time="12.232"/>
</testsuite> <!-- qaautomation.may2022.SignIn -->
