<?xml version="1.0" encoding="UTF-8"?>
<!-- Generated by org.testng.reporters.JUnitReportReporter -->
<testsuite hostname="Lauras-MacBook-Pro.local" failures="0" tests="1" name="qaautomation.may2022.APITest" time="8.273" errors="0" timestamp="09 Jun 2022 16:37:46 GMT" skipped="0">
  <testcase classname="qaautomation.may2022.APITest" name="register" time="8.273"/>
</testsuite> <!-- qaautomation.may2022.APITest -->
