<?xml version="1.0" encoding="UTF-8"?>
<!-- Generated by org.testng.reporters.JUnitReportReporter -->
<testsuite hostname="Lauras-MacBook-Pro.local" failures="0" tests="4" name="qaautomation.may2022.WebTest" time="34.309" errors="0" timestamp="27 May 2022 09:32:55 GMT" skipped="0">
  <testcase classname="qaautomation.may2022.WebTest" name="loginWithValidUsernameAndValidPassword" time="13.989"/>
  <testcase classname="qaautomation.may2022.WebTest" name="loginWithInvalidUsernameAndInvalidPassword" time="3.064"/>
  <testcase classname="qaautomation.may2022.WebTest" name="loginWithInvalidUsernameAndValidPassword" time="9.228"/>
  <testcase classname="qaautomation.may2022.WebTest" name="loginWithValidUsernameAndInvalidPassword" time="8.028"/>
</testsuite> <!-- qaautomation.may2022.WebTest -->
