<?xml version="1.0" encoding="UTF-8"?>
<!-- Generated by org.testng.reporters.JUnitReportReporter -->
<testsuite hostname="Lauras-MacBook-Pro.local" failures="0" tests="1" name="qaautomation.may2022.YopmailTest" time="18.733" errors="0" timestamp="27 May 2022 17:49:03 GMT" skipped="0">
  <testcase classname="qaautomation.may2022.YopmailTest" name="redirectToInbox" time="18.733"/>
</testsuite> <!-- qaautomation.may2022.YopmailTest -->
