<?xml version="1.0" encoding="UTF-8"?>
<!-- Generated by org.testng.reporters.JUnitReportReporter -->
<testsuite hostname="Lauras-MacBook-Pro.local" failures="0" tests="1" name="qaautomation.may2022.SauceDemoTest" time="9.788" errors="0" timestamp="27 May 2022 14:23:10 GMT" skipped="0">
  <testcase classname="qaautomation.may2022.SauceDemoTest" name="checkout" time="9.788"/>
</testsuite> <!-- qaautomation.may2022.SauceDemoTest -->
